<?xml version="1.0" encoding="UTF-8"?>
<testsuite xmlns:xsi="http://www.w3.org/2001/XMLSchema-instance" xsi:noNamespaceSchemaLocation="https://maven.apache.org/surefire/maven-surefire-plugin/xsd/surefire-test-report.xsd" name="com.mycompany.app.MatriculaTest" time="0.323" tests="3" errors="0" skipped="0" failures="0">
  <properties>
[...]
</properties>
  <testcase name="testAsignaturasNulo" classname="com.mycompany.app.MatriculaTest" time="0.007"/>
  <testcase name="testSumaAsignaturasOk" classname="com.mycompany.app.MatriculaTest" time="0.305"/>
  <testcase name="testRecorrerAsignaturasOk" classname="com.mycompany.app.MatriculaTest" time="0.005"/>
</testsuite>